[13:15:19] [Client thread/INFO]: Setting user: Player385
[13:15:24] [Client thread/WARN]: Skipping bad option: lastServer:
[13:15:24] [Client thread/INFO]: LWJGL Version: 2.9.4
[13:15:30] [Client thread/INFO]: Reloading ResourceManager: Default, FMLFileResourcePack:Forge Mod Loader, FMLFileResourcePack:Minecraft Forge, FMLFileResourcePack:Chicken Mod
[13:15:40] [Sound Library Loader/INFO]: Starting up SoundSystem...
[13:15:40] [Thread-8/INFO]: Initializing LWJGL OpenAL
[13:15:40] [Thread-8/INFO]: (The LWJGL binding of OpenAL.  For more information, see http://www.lwjgl.org)
[13:15:41] [Thread-8/INFO]: OpenAL initialized.
[13:15:41] [Sound Library Loader/INFO]: Sound engine started
[13:15:49] [Client thread/INFO]: Created: 16x16 textures-atlas
[13:15:50] [Client thread/INFO]: Reloading ResourceManager: Default, FMLFileResourcePack:Forge Mod Loader, FMLFileResourcePack:Minecraft Forge, FMLFileResourcePack:Chicken Mod
[13:15:52] [Client thread/INFO]: SoundSystem shutting down...
[13:15:53] [Client thread/WARN]: Author: Paul Lamb, www.paulscode.com
[13:15:53] [Sound Library Loader/INFO]: Starting up SoundSystem...
[13:15:53] [Thread-10/INFO]: Initializing LWJGL OpenAL
[13:15:53] [Thread-10/INFO]: (The LWJGL binding of OpenAL.  For more information, see http://www.lwjgl.org)
[13:15:53] [Thread-10/INFO]: OpenAL initialized.
[13:15:53] [Sound Library Loader/INFO]: Sound engine started
[13:15:57] [Client thread/INFO]: Created: 512x512 textures-atlas
[13:15:58] [Client thread/WARN]: Skipping bad option: lastServer:
[13:16:00] [Realms Notification Availability checker #1/INFO]: Could not authorize you against Realms server: Invalid session id
[13:16:05] [Server thread/INFO]: Starting integrated minecraft server version 1.11.2
[13:16:05] [Server thread/INFO]: Generating keypair
[13:16:06] [Server thread/INFO]: Preparing start region for level 0
[13:16:07] [Server thread/INFO]: Preparing spawn area: 11%
[13:16:09] [Server thread/INFO]: Changing view distance to 12, from 10
[13:16:11] [Server thread/INFO]: Player385[local:E:58f1c727] logged in with entity id 381 at (202.30381674890228, 88.0, 238.35347319071985)
[13:16:11] [Server thread/INFO]: Player385 joined the game
[13:16:12] [Server thread/INFO]: Saving and pausing game...
[13:16:12] [Server thread/INFO]: Saving chunks for level 'New World'/Overworld
[13:16:13] [Server thread/INFO]: Saving chunks for level 'New World'/Nether
[13:16:13] [Server thread/INFO]: Saving chunks for level 'New World'/The End
[13:16:13] [pool-2-thread-1/WARN]: Couldn't look up profile properties for com.mojang.authlib.GameProfile@3cb36866[id=1e3c9076-6029-36c6-8475-dd38d2030d5f,name=Player385,properties={},legacy=false]
com.mojang.authlib.exceptions.AuthenticationException: The client has sent too many requests within a certain amount of time
	at com.mojang.authlib.yggdrasil.YggdrasilAuthenticationService.makeRequest(YggdrasilAuthenticationService.java:79) ~[YggdrasilAuthenticationService.class:?]
	at com.mojang.authlib.yggdrasil.YggdrasilMinecraftSessionService.fillGameProfile(YggdrasilMinecraftSessionService.java:180) [YggdrasilMinecraftSessionService.class:?]
	at com.mojang.authlib.yggdrasil.YggdrasilMinecraftSessionService$1.load(YggdrasilMinecraftSessionService.java:60) [YggdrasilMinecraftSessionService$1.class:?]
	at com.mojang.authlib.yggdrasil.YggdrasilMinecraftSessionService$1.load(YggdrasilMinecraftSessionService.java:57) [YggdrasilMinecraftSessionService$1.class:?]
	at com.google.common.cache.LocalCache$LoadingValueReference.loadFuture(LocalCache.java:3524) [guava-17.0.jar:?]
	at com.google.common.cache.LocalCache$Segment.loadSync(LocalCache.java:2317) [guava-17.0.jar:?]
	at com.google.common.cache.LocalCache$Segment.lockedGetOrLoad(LocalCache.java:2280) [guava-17.0.jar:?]
	at com.google.common.cache.LocalCache$Segment.get(LocalCache.java:2195) [guava-17.0.jar:?]
	at com.google.common.cache.LocalCache.get(LocalCache.java:3934) [guava-17.0.jar:?]
	at com.google.common.cache.LocalCache.getOrLoad(LocalCache.java:3938) [guava-17.0.jar:?]
	at com.google.common.cache.LocalCache$LocalLoadingCache.get(LocalCache.java:4821) [guava-17.0.jar:?]
	at com.google.common.cache.LocalCache$LocalLoadingCache.getUnchecked(LocalCache.java:4827) [guava-17.0.jar:?]
	at com.mojang.authlib.yggdrasil.YggdrasilMinecraftSessionService.fillProfileProperties(YggdrasilMinecraftSessionService.java:170) [YggdrasilMinecraftSessionService.class:?]
	at net.minecraft.client.Minecraft.getProfileProperties(Minecraft.java:3056) [Minecraft.class:?]
	at net.minecraft.client.resources.SkinManager$3.run(SkinManager.java:138) [SkinManager$3.class:?]
	at java.util.concurrent.Executors$RunnableAdapter.call(Unknown Source) [?:1.8.0_211]
	at java.util.concurrent.FutureTask.run(Unknown Source) [?:1.8.0_211]
	at java.util.concurrent.ThreadPoolExecutor.runWorker(Unknown Source) [?:1.8.0_211]
	at java.util.concurrent.ThreadPoolExecutor$Worker.run(Unknown Source) [?:1.8.0_211]
	at java.lang.Thread.run(Unknown Source) [?:1.8.0_211]
[13:16:16] [Server thread/WARN]: Can't keep up! Did the system time change, or is the server overloaded? Running 5264ms behind, skipping 105 tick(s)
[13:17:01] [Server thread/INFO]: [Player385: Set own game mode to Creative Mode]
[13:17:01] [Client thread/INFO]: [CHAT] Your game mode has been updated to Creative Mode
[13:17:01] [Server thread/INFO]: Player385 has just earned the achievement [Taking Inventory]
[13:17:01] [Client thread/INFO]: [CHAT] Player385 has just earned the achievement [Taking Inventory]
[13:18:31] [Server thread/WARN]: Can't keep up! Did the system time change, or is the server overloaded? Running 2120ms behind, skipping 42 tick(s)
[13:18:41] [Server thread/INFO]: [Player385: Set own game mode to Survival Mode]
[13:18:41] [Client thread/INFO]: [CHAT] Your game mode has been updated to Survival Mode
[13:18:48] [Server thread/WARN]: Can't keep up! Did the system time change, or is the server overloaded? Running 2405ms behind, skipping 48 tick(s)
[13:19:23] [Server thread/INFO]: Player385 has just earned the achievement [Getting Wood]
[13:19:23] [Client thread/INFO]: [CHAT] Player385 has just earned the achievement [Getting Wood]
[13:19:30] [Server thread/WARN]: Can't keep up! Did the system time change, or is the server overloaded? Running 2364ms behind, skipping 47 tick(s)
[13:19:50] [Server thread/WARN]: Can't keep up! Did the system time change, or is the server overloaded? Running 4304ms behind, skipping 86 tick(s)
[13:20:16] [Server thread/WARN]: Can't keep up! Did the system time change, or is the server overloaded? Running 3500ms behind, skipping 70 tick(s)
[13:20:29] [Server thread/INFO]: Saving and pausing game...
[13:20:29] [Server thread/INFO]: Saving chunks for level 'New World'/Overworld
[13:20:29] [Server thread/INFO]: Saving chunks for level 'New World'/Nether
[13:20:29] [Server thread/INFO]: Saving chunks for level 'New World'/The End
[13:20:29] [Server thread/INFO]: Stopping server
[13:20:29] [Server thread/INFO]: Saving players
[13:20:29] [Server thread/INFO]: Player385 lost connection: TextComponent{text='Disconnected', siblings=[], style=Style{hasParent=false, color=null, bold=null, italic=null, underlined=null, obfuscated=null, clickEvent=null, hoverEvent=null, insertion=null}}
[13:20:29] [Server thread/INFO]: Player385 left the game
[13:20:30] [Server thread/INFO]: Stopping singleplayer server as player logged out
[13:20:30] [Server thread/INFO]: Saving worlds
[13:20:30] [Server thread/INFO]: Saving chunks for level 'New World'/Overworld
[13:20:30] [Server thread/INFO]: Saving chunks for level 'New World'/Nether
[13:20:30] [Server thread/INFO]: Saving chunks for level 'New World'/The End
[13:20:37] [Client thread/INFO]: Stopping!
[13:20:37] [Client thread/INFO]: SoundSystem shutting down...
[13:20:37] [Client thread/WARN]: Author: Paul Lamb, www.paulscode.com
